[32mINFO    [0m juju.model:model.py:2972 Waiting for model:
  cloudflared/1 [allocating] waiting: agent initialising
  chrony/0 [idle] active: 
  cloudflared-route-provider-one/0 [executing] active: 
  cloudflared-route-provider-two/0 [executing] active: 
  dnsmasq/0 [idle] active: 
[32mINFO    [0m integration.test_charm:test_charm.py:188 current juju status: Model            Controller           Cloud/Region         Version  SLA          Timestamp
test-charm-2ui8  github-pr-b0f3f-lxd  localhost/localhost  3.5.7    unsupported  10:20:13Z

App                             Version  Status  Scale  Charm        Channel      Rev  Exposed  Message
chrony                                   active      1  chrony       latest/edge   92  no       
cloudflared                              error       1  cloudflared                 0  no       hook failed: "config-changed"
cloudflared-route-provider-one           active      1  any-charm    latest/edge   92  no       
cloudflared-route-provider-two           active      1  any-charm    latest/edge   92  no       
dnsmasq                         24.04    active      1  ubuntu       latest/edge   26  no       

Unit                               Workload  Agent  Machine  Public address  Ports    Message
chrony/0*                          active    idle   0        10.45.86.232    123/udp  
  cloudflared/1*                   error     idle            10.45.86.232             hook failed: "config-changed"
cloudflared-route-provider-one/0*  active    idle   1        10.45.86.62              
cloudflared-route-provider-two/0*  active    idle   2        10.45.86.11              
dnsmasq/0*                         active    idle   3        10.45.86.152             

Machine  State    Address       Inst id        Base          AZ  Message
0        started  10.45.86.232  juju-20e5df-0  ubuntu@24.04      Running
1        started  10.45.86.62   juju-20e5df-1  ubuntu@22.04      Running
2        started  10.45.86.11   juju-20e5df-2  ubuntu@22.04      Running
3        started  10.45.86.152  juju-20e5df-3  ubuntu@24.04      Running
[32mINFO    [0m integration.conftest:conftest.py:122 deleting tunnel b417629b-3772-44b5-b015-84c4cf502911
[32mINFO    [0m integration.conftest:conftest.py:122 deleting tunnel d6b8ee1c-f3fd-4bcc-87fc-79d0429152a2
[32mINFO    [0m integration.conftest:conftest.py:122 deleting tunnel 91f3cb52-6b36-4073-aed4-c4ce0da71526
[32mINFO    [0m integration.conftest:conftest.py:122 deleting tunnel 4d419122-3df2-4af5-8177-aea606855a0f
[32mINFO    [0m pytest_operator.plugin:plugin.py:951 Model status:

Model            Controller           Cloud/Region         Version  SLA          Timestamp
test-charm-2ui8  github-pr-b0f3f-lxd  localhost/localhost  3.5.7    unsupported  10:20:16Z

App                             Version  Status  Scale  Charm        Channel      Rev  Exposed  Message
chrony                                   active      1  chrony       latest/edge   92  no       
cloudflared                              error       1  cloudflared                 0  no       hook failed: "config-changed"
cloudflared-route-provider-one           active      1  any-charm    latest/edge   92  no       
cloudflared-route-provider-two           active      1  any-charm    latest/edge   92  no       
dnsmasq                         24.04    active      1  ubuntu       latest/edge   26  no       

Unit                               Workload  Agent  Machine  Public address  Ports    Message
chrony/0*                          active    idle   0        10.45.86.232    123/udp  
  cloudflared/1*                   error     idle            10.45.86.232             hook failed: "config-changed"
cloudflared-route-provider-one/0*  active    idle   1        10.45.86.62              
cloudflared-route-provider-two/0*  active    idle   2        10.45.86.11              
dnsmasq/0*                         active    idle   3        10.45.86.152             

Machine  State    Address       Inst id        Base          AZ  Message
0        started  10.45.86.232  juju-20e5df-0  ubuntu@24.04      Running
1        started  10.45.86.62   juju-20e5df-1  ubuntu@22.04      Running
2        started  10.45.86.11   juju-20e5df-2  ubuntu@22.04      Running
3        started  10.45.86.152  juju-20e5df-3  ubuntu@24.04      Running

[32mINFO    [0m pytest_operator.plugin:plugin.py:957 Juju error logs:

machine-0: 10:12:14 ERROR juju.worker.dependency "lxd-container-provisioner" manifold worker returned unexpected error: container types not yet available
machine-0: 10:12:14 ERROR juju.worker.dependency "kvm-container-provisioner" manifold worker returned unexpected error: container types not yet available
unit-chrony-0: 10:12:14 ERROR juju.worker.meterstatus error running "meter-status-changed": charm missing from disk
unit-cloudflared-0: 10:12:44 ERROR juju.worker.meterstatus error running "meter-status-changed": exit status 1
machine-1: 10:15:33 ERROR juju.worker.dependency "kvm-container-provisioner" manifold worker returned unexpected error: container types not yet available
machine-1: 10:15:33 ERROR juju.worker.dependency "lxd-container-provisioner" manifold worker returned unexpected error: container types not yet available
unit-cloudflared-route-provider-one-0: 10:15:34 ERROR juju.worker.meterstatus error running "meter-status-changed": charm missing from disk
machine-2: 10:15:34 ERROR juju.worker.dependency "lxd-container-provisioner" manifold worker returned unexpected error: container types not yet available
machine-2: 10:15:34 ERROR juju.worker.dependency "kvm-container-provisioner" manifold worker returned unexpected error: container types not yet available
unit-cloudflared-route-provider-two-0: 10:15:34 ERROR juju.worker.meterstatus error running "meter-status-changed": charm missing from disk
machine-3: 10:18:02 ERROR juju.worker.dependency "lxd-container-provisioner" manifold worker returned unexpected error: container types not yet available
machine-3: 10:18:02 ERROR juju.worker.dependency "kvm-container-provisioner" manifold worker returned unexpected error: container types not yet available
unit-dnsmasq-0: 10:18:02 ERROR juju.worker.meterstatus error running "meter-status-changed": charm missing from disk
unit-cloudflared-1: 10:19:51 ERROR juju.worker.meterstatus error running "meter-status-changed": charm missing from disk
unit-cloudflared-1: 10:19:56 ERROR unit.cloudflared/1.juju-log Uncaught exception while in charm code:
Traceback (most recent call last):
  File "/var/lib/juju/agents/unit-cloudflared-1/charm/venv/ops/model.py", line 3666, in _run
    result = subprocess.run(args, **kwargs)  # type: ignore
             ^^^^^^^^^^^^^^^^^^^^^^^^^^^^^^
  File "/usr/lib/python3.12/subprocess.py", line 571, in run
    raise CalledProcessError(retcode, process.args,
subprocess.CalledProcessError: Command '('/var/lib/juju/tools/unit-cloudflared-1/secret-get', 'secret:d409hi7rgm4juuto47og', '--format=json')' returned non-zero exit status 1.

The above exception was the direct cause of the following exception:

Traceback (most recent call last):
  File "/var/lib/juju/agents/unit-cloudflared-1/charm/./src/charm.py", line 319, in <module>
    ops.main(CloudflaredCharm)
  File "/var/lib/juju/agents/unit-cloudflared-1/charm/venv/ops/__init__.py", line 360, in __call__
    return _main.main(charm_class=charm_class, use_juju_for_storage=use_juju_for_storage)
           ^^^^^^^^^^^^^^^^^^^^^^^^^^^^^^^^^^^^^^^^^^^^^^^^^^^^^^^^^^^^^^^^^^^^^^^^^^^^^^
  File "/var/lib/juju/agents/unit-cloudflared-1/charm/venv/ops/_main.py", line 504, in main
    manager.run()
  File "/var/lib/juju/agents/unit-cloudflared-1/charm/venv/ops/_main.py", line 488, in run
    self._emit()
  File "/var/lib/juju/agents/unit-cloudflared-1/charm/venv/ops/_main.py", line 423, in _emit
    self._emit_charm_event(self.dispatcher.event_name)
  File "/var/lib/juju/agents/unit-cloudflared-1/charm/venv/ops/_main.py", line 467, in _emit_charm_event
    event_to_emit.emit(*args, **kwargs)
  File "/var/lib/juju/agents/unit-cloudflared-1/charm/venv/ops/framework.py", line 351, in emit
    framework._emit(event)
  File "/var/lib/juju/agents/unit-cloudflared-1/charm/venv/ops/framework.py", line 924, in _emit
    self._reemit(event_path)
  File "/var/lib/juju/agents/unit-cloudflared-1/charm/venv/ops/framework.py", line 1036, in _reemit
    custom_handler(event)
  File "/var/lib/juju/agents/unit-cloudflared-1/charm/./src/charm.py", line 94, in _reconcile
    tunnel_specs = self._get_instance_tunnel_specs()
                   ^^^^^^^^^^^^^^^^^^^^^^^^^^^^^^^^^
  File "/var/lib/juju/agents/unit-cloudflared-1/charm/./src/charm.py", line 270, in _get_instance_tunnel_specs
    secret = self.model.get_secret(id=tunnel_token_config)
             ^^^^^^^^^^^^^^^^^^^^^^^^^^^^^^^^^^^^^^^^^^^^^
  File "/var/lib/juju/agents/unit-cloudflared-1/charm/venv/ops/model.py", line 326, in get_secret
    content = self._backend.secret_get(id=id, label=label)
              ^^^^^^^^^^^^^^^^^^^^^^^^^^^^^^^^^^^^^^^^^^^^
  File "/var/lib/juju/agents/unit-cloudflared-1/charm/venv/ops/model.py", line 4075, in secret_get
    result = self._run('secret-get', *args, return_output=True, use_json=True)
             ^^^^^^^^^^^^^^^^^^^^^^^^^^^^^^^^^^^^^^^^^^^^^^^^^^^^^^^^^^^^^^^^^
  File "/var/lib/juju/agents/unit-cloudflared-1/charm/venv/ops/model.py", line 3669, in _run
    raise ModelError(e.stderr) from e
ops.model.ModelError: ERROR permission denied

unit-cloudflared-1: 10:19:57 ERROR juju.worker.uniter.operation hook "config-changed" (via hook dispatching script: dispatch) failed: exit status 1

[32mINFO    [0m pytest_operator.plugin:plugin.py:1039 Forgetting model main...