[32mINFO    [0m juju.model:model.py:2972 Waiting for model:
  cloudflared/1 [allocating] waiting: agent initialising
  chrony/0 [idle] active: 
  cloudflared-route-provider-one/0 [executing] active: 
  cloudflared-route-provider-two/0 [executing] active: 
  dnsmasq/0 [idle] active: 
[32mINFO    [0m integration.test_charm:test_charm.py:188 current juju status: Model            Controller           Cloud/Region         Version  SLA          Timestamp
test-charm-h9jl  github-pr-90919-lxd  localhost/localhost  3.6.12   unsupported  15:21:37Z

App                             Version  Status  Scale  Charm        Channel      Rev  Exposed  Message
chrony                                   active      1  chrony       latest/edge   97  no       
cloudflared                              error       1  cloudflared                 0  no       hook failed: "config-changed"
cloudflared-route-provider-one           active      1  any-charm    latest/edge  124  no       
cloudflared-route-provider-two           active      1  any-charm    latest/edge  124  no       
dnsmasq                         24.04    active      1  ubuntu       latest/edge   26  no       

Unit                               Workload  Agent  Machine  Public address  Ports    Message
chrony/0*                          active    idle   0        10.19.150.42    123/udp  
  cloudflared/1*                   error     idle            10.19.150.42             hook failed: "config-changed"
cloudflared-route-provider-one/0*  active    idle   1        10.19.150.69             
cloudflared-route-provider-two/0*  active    idle   2        10.19.150.32             
dnsmasq/0*                         active    idle   3        10.19.150.6              

Machine  State    Address       Inst id        Base          AZ             Message
0        started  10.19.150.42  juju-d03e71-0  ubuntu@24.04  runnervm6qbrg  Running
1        started  10.19.150.69  juju-d03e71-1  ubuntu@24.04  runnervm6qbrg  Running
2        started  10.19.150.32  juju-d03e71-2  ubuntu@24.04  runnervm6qbrg  Running
3        started  10.19.150.6   juju-d03e71-3  ubuntu@24.04  runnervm6qbrg  Running
[32mINFO    [0m integration.conftest:conftest.py:122 deleting tunnel 29d4e160-2ced-40c0-bdaa-e8b7993bd846
[32mINFO    [0m integration.conftest:conftest.py:122 deleting tunnel 9986faaf-9de2-4af5-9553-bb1959b5eb0a
[32mINFO    [0m integration.conftest:conftest.py:122 deleting tunnel 62a6716c-c195-40ef-adf4-5d3817925012
[32mINFO    [0m integration.conftest:conftest.py:122 deleting tunnel 0f0d7af3-8cd8-41ad-8e66-b9a0e20af205
[32mINFO    [0m pytest_operator.plugin:plugin.py:951 Model status:

Model            Controller           Cloud/Region         Version  SLA          Timestamp
test-charm-h9jl  github-pr-90919-lxd  localhost/localhost  3.6.12   unsupported  15:21:40Z

App                             Version  Status  Scale  Charm        Channel      Rev  Exposed  Message
chrony                                   active      1  chrony       latest/edge   97  no       
cloudflared                              error       1  cloudflared                 0  no       hook failed: "config-changed"
cloudflared-route-provider-one           active      1  any-charm    latest/edge  124  no       
cloudflared-route-provider-two           active      1  any-charm    latest/edge  124  no       
dnsmasq                         24.04    active      1  ubuntu       latest/edge   26  no       

Unit                               Workload  Agent  Machine  Public address  Ports    Message
chrony/0*                          active    idle   0        10.19.150.42    123/udp  
  cloudflared/1*                   error     idle            10.19.150.42             hook failed: "config-changed"
cloudflared-route-provider-one/0*  active    idle   1        10.19.150.69             
cloudflared-route-provider-two/0*  active    idle   2        10.19.150.32             
dnsmasq/0*                         active    idle   3        10.19.150.6              

Machine  State    Address       Inst id        Base          AZ             Message
0        started  10.19.150.42  juju-d03e71-0  ubuntu@24.04  runnervm6qbrg  Running
1        started  10.19.150.69  juju-d03e71-1  ubuntu@24.04  runnervm6qbrg  Running
2        started  10.19.150.32  juju-d03e71-2  ubuntu@24.04  runnervm6qbrg  Running
3        started  10.19.150.6   juju-d03e71-3  ubuntu@24.04  runnervm6qbrg  Running

[32mINFO    [0m pytest_operator.plugin:plugin.py:957 Juju error logs:

machine-0: 15:13:58 ERROR juju.worker.dependency "kvm-container-provisioner" manifold worker returned unexpected error: container types not yet available
machine-0: 15:13:58 ERROR juju.worker.dependency "lxd-container-provisioner" manifold worker returned unexpected error: container types not yet available
machine-1: 15:16:44 ERROR juju.worker.dependency "kvm-container-provisioner" manifold worker returned unexpected error: container types not yet available
machine-1: 15:16:44 ERROR juju.worker.dependency "lxd-container-provisioner" manifold worker returned unexpected error: container types not yet available
machine-2: 15:16:55 ERROR juju.worker.dependency "kvm-container-provisioner" manifold worker returned unexpected error: container types not yet available
machine-2: 15:16:55 ERROR juju.worker.dependency "lxd-container-provisioner" manifold worker returned unexpected error: container types not yet available
machine-3: 15:19:26 ERROR juju.worker.dependency "kvm-container-provisioner" manifold worker returned unexpected error: container types not yet available
machine-3: 15:19:26 ERROR juju.worker.dependency "lxd-container-provisioner" manifold worker returned unexpected error: container types not yet available
unit-cloudflared-1: 15:21:21 ERROR unit.cloudflared/1.juju-log Uncaught exception while in charm code:
Traceback (most recent call last):
  File "/var/lib/juju/agents/unit-cloudflared-1/charm/venv/ops/model.py", line 3570, in _wrap_hookcmd
    yield
  File "/var/lib/juju/agents/unit-cloudflared-1/charm/venv/ops/model.py", line 3921, in secret_get
    return hookcmds.secret_get(
           ^^^^^^^^^^^^^^^^^^^^
  File "/var/lib/juju/agents/unit-cloudflared-1/charm/venv/ops/hookcmds/_secret.py", line 153, in secret_get
    stdout = run('secret-get', '--format=json', *args)
             ^^^^^^^^^^^^^^^^^^^^^^^^^^^^^^^^^^^^^^^^^
  File "/var/lib/juju/agents/unit-cloudflared-1/charm/venv/ops/hookcmds/_utils.py", line 53, in run
    raise Error(returncode=e.returncode, cmd=e.cmd, stdout=e.stdout, stderr=e.stderr) from None
ops.hookcmds._utils.Error: command ('secret-get', '--format=json', 'secret:d4uo8r34u5qd6lbk6tgg') exited with status 1

The above exception was the direct cause of the following exception:

Traceback (most recent call last):
  File "/var/lib/juju/agents/unit-cloudflared-1/charm/./src/charm.py", line 319, in <module>
    ops.main(CloudflaredCharm)
  File "/var/lib/juju/agents/unit-cloudflared-1/charm/venv/ops/__init__.py", line 360, in __call__
    return _main.main(charm_class=charm_class, use_juju_for_storage=use_juju_for_storage)
           ^^^^^^^^^^^^^^^^^^^^^^^^^^^^^^^^^^^^^^^^^^^^^^^^^^^^^^^^^^^^^^^^^^^^^^^^^^^^^^
  File "/var/lib/juju/agents/unit-cloudflared-1/charm/venv/ops/_main.py", line 507, in main
    manager.run()
  File "/var/lib/juju/agents/unit-cloudflared-1/charm/venv/ops/_main.py", line 491, in run
    self._emit()
  File "/var/lib/juju/agents/unit-cloudflared-1/charm/venv/ops/_main.py", line 426, in _emit
    self._emit_charm_event(self.dispatcher.event_name)
  File "/var/lib/juju/agents/unit-cloudflared-1/charm/venv/ops/_main.py", line 470, in _emit_charm_event
    event_to_emit.emit(*args, **kwargs)
  File "/var/lib/juju/agents/unit-cloudflared-1/charm/venv/ops/framework.py", line 337, in emit
    framework._emit(event)
  File "/var/lib/juju/agents/unit-cloudflared-1/charm/venv/ops/framework.py", line 910, in _emit
    self._reemit(event_path)
  File "/var/lib/juju/agents/unit-cloudflared-1/charm/venv/ops/framework.py", line 1028, in _reemit
    custom_handler(event)
  File "/var/lib/juju/agents/unit-cloudflared-1/charm/./src/charm.py", line 94, in _reconcile
    tunnel_specs = self._get_instance_tunnel_specs()
                   ^^^^^^^^^^^^^^^^^^^^^^^^^^^^^^^^^
  File "/var/lib/juju/agents/unit-cloudflared-1/charm/./src/charm.py", line 270, in _get_instance_tunnel_specs
    secret = self.model.get_secret(id=tunnel_token_config)
             ^^^^^^^^^^^^^^^^^^^^^^^^^^^^^^^^^^^^^^^^^^^^^
  File "/var/lib/juju/agents/unit-cloudflared-1/charm/venv/ops/model.py", line 309, in get_secret
    content = self._backend.secret_get(id=id, label=label)
              ^^^^^^^^^^^^^^^^^^^^^^^^^^^^^^^^^^^^^^^^^^^^
  File "/var/lib/juju/agents/unit-cloudflared-1/charm/venv/ops/model.py", line 3920, in secret_get
    with self._wrap_hookcmd('secret-get', id=id, label=label, refresh=refresh, peek=peek):
  File "/usr/lib/python3.12/contextlib.py", line 158, in __exit__
    self.gen.throw(value)
  File "/var/lib/juju/agents/unit-cloudflared-1/charm/venv/ops/model.py", line 3580, in _wrap_hookcmd
    raise ModelError(e.stderr) from e
ops.model.ModelError: ERROR permission denied

unit-cloudflared-1: 15:21:21 ERROR juju.worker.uniter.operation hook "config-changed" (via hook dispatching script: dispatch) failed: exit status 1

[32mINFO    [0m pytest_operator.plugin:plugin.py:1039 Forgetting model main...